10::02::2020 11:45:34 [main] FATAL command.CommandProvider getCommand Введена неверная команда
java.lang.ArrayIndexOutOfBoundsException: Index 11 out of bounds for length 5
	at by.training.controller.command.CommandProvider.getCommand(CommandProvider.java:27) [classes/:?]
	at by.training.controller.Controller.getCommand(Controller.java:9) [classes/:?]
	at by.training.controller.Runner.main(Runner.java:52) [classes/:?]
10::02::2020 11:47:56 [main] ERROR command.CommandProvider getCommand Введена неверная команда
java.lang.NumberFormatException: For input string: "test!!!"
	at java.lang.NumberFormatException.forInputString(NumberFormatException.java:65) ~[?:?]
	at java.lang.Integer.parseInt(Integer.java:652) ~[?:?]
	at java.lang.Integer.parseInt(Integer.java:770) ~[?:?]
	at by.training.controller.command.CommandProvider.getCommand(CommandProvider.java:27) [classes/:?]
	at by.training.controller.Controller.getCommand(Controller.java:9) [classes/:?]
	at by.training.controller.Runner.main(Runner.java:52) [classes/:?]
10::02::2020 11:48:00 [main] ERROR command.CommandProvider getCommand Введена неверная команда
java.lang.ArrayIndexOutOfBoundsException: Index 99 out of bounds for length 5
	at by.training.controller.command.CommandProvider.getCommand(CommandProvider.java:27) [classes/:?]
	at by.training.controller.Controller.getCommand(Controller.java:9) [classes/:?]
	at by.training.controller.Runner.main(Runner.java:52) [classes/:?]
10::02::2020 11:49:26 [main] ERROR command.CommandProvider getCommand Введена неверная команда
java.lang.NumberFormatException: For input string: "test!!"
	at java.lang.NumberFormatException.forInputString(NumberFormatException.java:65) ~[?:?]
	at java.lang.Integer.parseInt(Integer.java:652) ~[?:?]
	at java.lang.Integer.parseInt(Integer.java:770) ~[?:?]
	at by.training.controller.command.CommandProvider.getCommand(CommandProvider.java:28) [classes/:?]
	at by.training.controller.Controller.getCommand(Controller.java:9) [classes/:?]
	at by.training.controller.Runner.main(Runner.java:52) [classes/:?]
10::02::2020 11:49:28 [main] ERROR command.CommandProvider getCommand Введена неверная команда
java.lang.NumberFormatException: For input string: "fffff"
	at java.lang.NumberFormatException.forInputString(NumberFormatException.java:65) ~[?:?]
	at java.lang.Integer.parseInt(Integer.java:652) ~[?:?]
	at java.lang.Integer.parseInt(Integer.java:770) ~[?:?]
	at by.training.controller.command.CommandProvider.getCommand(CommandProvider.java:28) [classes/:?]
	at by.training.controller.Controller.getCommand(Controller.java:9) [classes/:?]
	at by.training.controller.Runner.main(Runner.java:52) [classes/:?]
10::02::2020 11:49:30 [main] ERROR command.CommandProvider getCommand Введена неверная команда
java.lang.NumberFormatException: For input string: "f"
	at java.lang.NumberFormatException.forInputString(NumberFormatException.java:65) ~[?:?]
	at java.lang.Integer.parseInt(Integer.java:652) ~[?:?]
	at java.lang.Integer.parseInt(Integer.java:770) ~[?:?]
	at by.training.controller.command.CommandProvider.getCommand(CommandProvider.java:28) [classes/:?]
	at by.training.controller.Controller.getCommand(Controller.java:9) [classes/:?]
	at by.training.controller.Runner.main(Runner.java:52) [classes/:?]
10::02::2020 11:52:37 [main] FATAL impl.FileDao readData Файл не найден!
java.nio.file.NoSuchFileException: src\main\resources\text1.txt
	at sun.nio.fs.WindowsException.translateToIOException(WindowsException.java:85) ~[?:?]
	at sun.nio.fs.WindowsException.rethrowAsIOException(WindowsException.java:103) ~[?:?]
	at sun.nio.fs.WindowsException.rethrowAsIOException(WindowsException.java:108) ~[?:?]
	at sun.nio.fs.WindowsFileSystemProvider.newByteChannel(WindowsFileSystemProvider.java:231) ~[?:?]
	at java.nio.file.Files.newByteChannel(Files.java:370) ~[?:?]
	at java.nio.file.Files.newByteChannel(Files.java:421) ~[?:?]
	at java.nio.file.Files.readAllBytes(Files.java:3205) ~[?:?]
	at by.training.dao.impl.FileDao.readData(FileDao.java:32) [classes/:?]
	at by.training.controller.Runner.main(Runner.java:22) [classes/:?]
10::02::2020 11:54:13 [main] ERROR command.CommandProvider getCommand Введена неверная команда
java.lang.NumberFormatException: For input string: "ff"
	at java.lang.NumberFormatException.forInputString(NumberFormatException.java:65) ~[?:?]
	at java.lang.Integer.parseInt(Integer.java:652) ~[?:?]
	at java.lang.Integer.parseInt(Integer.java:770) ~[?:?]
	at by.training.controller.command.CommandProvider.getCommand(CommandProvider.java:29) [classes/:?]
	at by.training.controller.Controller.getCommand(Controller.java:9) [classes/:?]
	at by.training.controller.Runner.main(Runner.java:52) [classes/:?]
10::02::2020 11:56:12 [main] ERROR by.training.controller.command.CommandProvider getCommand Введена неверная команда
java.lang.NumberFormatException: For input string: "test"
	at java.lang.NumberFormatException.forInputString(NumberFormatException.java:65) ~[?:?]
	at java.lang.Integer.parseInt(Integer.java:652) ~[?:?]
	at java.lang.Integer.parseInt(Integer.java:770) ~[?:?]
	at by.training.controller.command.CommandProvider.getCommand(CommandProvider.java:29) [classes/:?]
	at by.training.controller.Controller.getCommand(Controller.java:9) [classes/:?]
	at by.training.controller.Runner.main(Runner.java:52) [classes/:?]
10::02::2020 11:57:19 [main] ERROR by.training.controller.command.CommandProvider getCommand Введена неверная команда
java.lang.NumberFormatException: For input string: "qwerty"
	at java.lang.NumberFormatException.forInputString(NumberFormatException.java:65) ~[?:?]
	at java.lang.Integer.parseInt(Integer.java:652) ~[?:?]
	at java.lang.Integer.parseInt(Integer.java:770) ~[?:?]
	at by.training.controller.command.CommandProvider.getCommand(CommandProvider.java:29) [classes/:?]
	at by.training.controller.Controller.getCommand(Controller.java:9) [classes/:?]
	at by.training.controller.Runner.main(Runner.java:52) [classes/:?]
10::02::2020 11:57:57 [main] ERROR by.training.controller.command.CommandProvider getCommand Введена неверная команда
java.lang.NumberFormatException: For input string: "zxc"
	at java.lang.NumberFormatException.forInputString(NumberFormatException.java:65) ~[?:?]
	at java.lang.Integer.parseInt(Integer.java:652) ~[?:?]
	at java.lang.Integer.parseInt(Integer.java:770) ~[?:?]
	at by.training.controller.command.CommandProvider.getCommand(CommandProvider.java:29) [classes/:?]
	at by.training.controller.Controller.getCommand(Controller.java:9) [classes/:?]
	at by.training.controller.Runner.main(Runner.java:52) [classes/:?]
10::02::2020 15:03:05 [main] ERROR training.controller.command.impl.SortLexemeInSentenceByCharCommand execute Не введен символ!
10::02::2020 15:03:27 [main] ERROR by.training.controller.command.CommandProvider getCommand Введена неверная команда
java.lang.NumberFormatException: For input string: "4 s"
	at java.lang.NumberFormatException.forInputString(NumberFormatException.java:65) ~[?:?]
	at java.lang.Integer.parseInt(Integer.java:652) ~[?:?]
	at java.lang.Integer.parseInt(Integer.java:770) ~[?:?]
	at by.training.controller.command.CommandProvider.getCommand(CommandProvider.java:31) [classes/:?]
	at by.training.controller.Controller.getCommand(Controller.java:9) [classes/:?]
	at by.training.controller.Runner.main(Runner.java:52) [classes/:?]
10::02::2020 15:05:35 [main] ERROR by.training.controller.command.CommandProvider getCommand Введена неверная команда
java.lang.ArrayIndexOutOfBoundsException: Index -1 out of bounds for length 6
	at by.training.controller.command.CommandProvider.getCommand(CommandProvider.java:31) [classes/:?]
	at by.training.controller.Controller.getCommand(Controller.java:9) [classes/:?]
	at by.training.controller.Runner.main(Runner.java:52) [classes/:?]
10::02::2020 15:08:43 [main] ERROR by.training.controller.command.CommandProvider getCommand Введена неверная команда
java.lang.NumberFormatException: For input string: "asdf"
	at java.lang.NumberFormatException.forInputString(NumberFormatException.java:65) ~[?:?]
	at java.lang.Integer.parseInt(Integer.java:652) ~[?:?]
	at java.lang.Integer.parseInt(Integer.java:770) ~[?:?]
	at by.training.controller.command.CommandProvider.getCommand(CommandProvider.java:31) [classes/:?]
	at by.training.controller.Controller.getCommand(Controller.java:9) [classes/:?]
	at by.training.controller.Runner.main(Runner.java:52) [classes/:?]
