10::02::2020 11:57:19 [main] ERROR by.training.controller.command.CommandProvider  getCommand Введена неверная команда
java.lang.NumberFormatException: For input string: "qwerty"
	at java.lang.NumberFormatException.forInputString(NumberFormatException.java:65) ~[?:?]
	at java.lang.Integer.parseInt(Integer.java:652) ~[?:?]
	at java.lang.Integer.parseInt(Integer.java:770) ~[?:?]
	at by.training.controller.command.CommandProvider.getCommand(CommandProvider.java:29) [classes/:?]
	at by.training.controller.Controller.getCommand(Controller.java:9) [classes/:?]
	at by.training.controller.Runner.main(Runner.java:52) [classes/:?]
10::02::2020 11:57:57 [main] ERROR by.training.controller.command.CommandProvider  getCommand Введена неверная команда
java.lang.NumberFormatException: For input string: "zxc"
	at java.lang.NumberFormatException.forInputString(NumberFormatException.java:65) ~[?:?]
	at java.lang.Integer.parseInt(Integer.java:652) ~[?:?]
	at java.lang.Integer.parseInt(Integer.java:770) ~[?:?]
	at by.training.controller.command.CommandProvider.getCommand(CommandProvider.java:29) [classes/:?]
	at by.training.controller.Controller.getCommand(Controller.java:9) [classes/:?]
	at by.training.controller.Runner.main(Runner.java:52) [classes/:?]
10::02::2020 12:00:19 [main] INFO  by.training.controller.command.CommandProvider  getCommand 1
10::02::2020 12:00:40 [main] INFO  by.training.controller.command.CommandProvider  getCommand 2
10::02::2020 12:00:42 [main] INFO  by.training.controller.command.CommandProvider  getCommand 3
10::02::2020 12:11:18 [main] INFO  by.training.controller.command.CommandProvider  getCommand 4
10::02::2020 12:11:24 [main] INFO  by.training.controller.command.CommandProvider  getCommand 3
10::02::2020 12:11:50 [main] INFO  by.training.controller.command.CommandProvider  getCommand 1
10::02::2020 12:12:00 [main] INFO  by.training.controller.command.CommandProvider  getCommand 2
10::02::2020 12:13:39 [main] INFO  by.training.controller.command.CommandProvider  getCommand 1
10::02::2020 12:13:39 [main] INFO  by.training.controller.command.CommandProvider  getCommand 1!!
10::02::2020 12:13:55 [main] INFO  by.training.controller.command.CommandProvider  getCommand 2
10::02::2020 12:13:55 [main] INFO  by.training.controller.command.CommandProvider  getCommand 2!!
10::02::2020 12:14:23 [main] DEBUG by.training.controller.command.CommandProvider  getCommand 2
10::02::2020 12:14:23 [main] INFO  by.training.controller.command.CommandProvider  getCommand 2!!
10::02::2020 13:08:09 [main] INFO  by.training.controller.command.CommandProvider  getCommand 5
10::02::2020 13:08:11 [main] INFO  by.training.controller.command.CommandProvider  getCommand 4
10::02::2020 13:08:56 [main] INFO  by.training.controller.command.CommandProvider  getCommand 5
10::02::2020 13:08:58 [main] INFO  by.training.controller.command.CommandProvider  getCommand 4
10::02::2020 13:10:48 [main] INFO  by.training.controller.command.CommandProvider  getCommand 5
10::02::2020 13:12:22 [main] INFO  by.training.controller.command.CommandProvider  getCommand 5
10::02::2020 13:12:50 [main] INFO  by.training.controller.command.CommandProvider  getCommand 5
10::02::2020 13:12:58 [main] INFO  by.training.controller.command.CommandProvider  getCommand 4
10::02::2020 13:19:56 [main] INFO  by.training.controller.command.CommandProvider  getCommand 5
10::02::2020 13:20:06 [main] INFO  by.training.controller.command.CommandProvider  getCommand 4
10::02::2020 13:20:57 [main] INFO  by.training.controller.command.CommandProvider  getCommand 5
10::02::2020 13:20:58 [main] INFO  by.training.controller.command.CommandProvider  getCommand 4
10::02::2020 13:21:47 [main] INFO  by.training.controller.command.CommandProvider  getCommand 4
10::02::2020 13:22:04 [main] INFO  by.training.controller.command.CommandProvider  getCommand 4
10::02::2020 13:23:02 [main] INFO  by.training.controller.command.CommandProvider  getCommand 4
10::02::2020 13:23:21 [main] INFO  by.training.controller.command.CommandProvider  getCommand 4
10::02::2020 13:26:40 [main] INFO  by.training.controller.command.CommandProvider  getCommand 4
10::02::2020 13:27:52 [main] INFO  by.training.controller.command.CommandProvider  getCommand 4
10::02::2020 13:29:34 [main] INFO  by.training.controller.command.CommandProvider  getCommand 4
10::02::2020 13:30:45 [main] INFO  by.training.controller.command.CommandProvider  getCommand 5
10::02::2020 13:32:05 [main] INFO  by.training.controller.command.CommandProvider  getCommand 5
10::02::2020 13:32:07 [main] INFO  by.training.controller.command.CommandProvider  getCommand 4
10::02::2020 13:33:28 [main] INFO  by.training.controller.command.CommandProvider  getCommand 5
10::02::2020 13:33:29 [main] INFO  by.training.controller.command.CommandProvider  getCommand 4
10::02::2020 13:37:02 [main] INFO  by.training.controller.command.CommandProvider  getCommand 4
10::02::2020 13:37:55 [main] INFO  by.training.controller.command.CommandProvider  getCommand 4
10::02::2020 13:38:53 [main] INFO  by.training.controller.command.CommandProvider  getCommand 4
10::02::2020 13:39:07 [main] INFO  by.training.controller.command.CommandProvider  getCommand 4
10::02::2020 13:39:39 [main] INFO  by.training.controller.command.CommandProvider  getCommand 5
10::02::2020 13:40:08 [main] INFO  by.training.controller.command.CommandProvider  getCommand 4
10::02::2020 13:40:40 [main] INFO  by.training.controller.command.CommandProvider  getCommand 5
10::02::2020 13:40:45 [main] INFO  by.training.controller.command.CommandProvider  getCommand 5
10::02::2020 13:40:47 [main] INFO  by.training.controller.command.CommandProvider  getCommand 4
10::02::2020 13:43:34 [main] INFO  by.training.controller.command.CommandProvider  getCommand 4
10::02::2020 13:43:53 [main] INFO  by.training.controller.command.CommandProvider  getCommand 4
10::02::2020 13:44:36 [main] INFO  by.training.controller.command.CommandProvider  getCommand 4
10::02::2020 14:00:34 [main] INFO  by.training.controller.command.CommandProvider  getCommand 4
10::02::2020 14:00:57 [main] INFO  by.training.controller.command.CommandProvider  getCommand 4
10::02::2020 14:52:19 [main] INFO  by.training.controller.command.CommandProvider  getCommand 4
10::02::2020 15:03:05 [main] INFO  by.training.controller.command.CommandProvider  getCommand 4
10::02::2020 15:03:05 [main] ERROR training.controller.command.impl.SortLexemeInSentenceByCharCommand  execute Не введен символ!
10::02::2020 15:03:27 [main] INFO  by.training.controller.command.CommandProvider  getCommand 4 s
10::02::2020 15:03:27 [main] ERROR by.training.controller.command.CommandProvider  getCommand Введена неверная команда
java.lang.NumberFormatException: For input string: "4 s"
	at java.lang.NumberFormatException.forInputString(NumberFormatException.java:65) ~[?:?]
	at java.lang.Integer.parseInt(Integer.java:652) ~[?:?]
	at java.lang.Integer.parseInt(Integer.java:770) ~[?:?]
	at by.training.controller.command.CommandProvider.getCommand(CommandProvider.java:31) [classes/:?]
	at by.training.controller.Controller.getCommand(Controller.java:9) [classes/:?]
	at by.training.controller.Runner.main(Runner.java:52) [classes/:?]
10::02::2020 15:04:30 [main] INFO  by.training.controller.command.CommandProvider  getCommand 4 s
10::02::2020 15:04:40 [main] INFO  by.training.controller.command.CommandProvider  getCommand 4 a
10::02::2020 15:04:58 [main] INFO  by.training.controller.command.CommandProvider  getCommand 4 r
10::02::2020 15:05:16 [main] INFO  by.training.controller.command.CommandProvider  getCommand 4 .
10::02::2020 15:05:26 [main] INFO  by.training.controller.command.CommandProvider  getCommand 4 I
10::02::2020 15:05:35 [main] INFO  by.training.controller.command.CommandProvider  getCommand 0
10::02::2020 15:05:35 [main] ERROR by.training.controller.command.CommandProvider  getCommand Введена неверная команда
java.lang.ArrayIndexOutOfBoundsException: Index -1 out of bounds for length 6
	at by.training.controller.command.CommandProvider.getCommand(CommandProvider.java:31) [classes/:?]
	at by.training.controller.Controller.getCommand(Controller.java:9) [classes/:?]
	at by.training.controller.Runner.main(Runner.java:52) [classes/:?]
10::02::2020 15:07:05 [main] INFO  by.training.controller.command.CommandProvider  getCommand 4 dasf
10::02::2020 15:07:14 [main] INFO  by.training.controller.command.CommandProvider  getCommand 4 ra
10::02::2020 15:07:29 [main] INFO  by.training.controller.command.CommandProvider  getCommand 4 nasd
10::02::2020 15:08:43 [main] INFO  by.training.controller.command.CommandProvider  getCommand asdf
10::02::2020 15:08:43 [main] ERROR by.training.controller.command.CommandProvider  getCommand Введена неверная команда
java.lang.NumberFormatException: For input string: "asdf"
	at java.lang.NumberFormatException.forInputString(NumberFormatException.java:65) ~[?:?]
	at java.lang.Integer.parseInt(Integer.java:652) ~[?:?]
	at java.lang.Integer.parseInt(Integer.java:770) ~[?:?]
	at by.training.controller.command.CommandProvider.getCommand(CommandProvider.java:31) [classes/:?]
	at by.training.controller.Controller.getCommand(Controller.java:9) [classes/:?]
	at by.training.controller.Runner.main(Runner.java:52) [classes/:?]
10::02::2020 17:04:10 [main] INFO  by.training.controller.command.CommandProvider  getCommand 4 r
10::02::2020 17:04:22 [main] INFO  by.training.controller.command.CommandProvider  getCommand 1
10::02::2020 17:04:31 [main] INFO  by.training.controller.command.CommandProvider  getCommand 4 r
10::02::2020 17:04:42 [main] INFO  by.training.controller.command.CommandProvider  getCommand 5
10::02::2020 17:04:44 [main] INFO  by.training.controller.command.CommandProvider  getCommand 5
10::02::2020 17:04:50 [main] INFO  by.training.controller.command.CommandProvider  getCommand 4 r
10::02::2020 20:20:39 [main] INFO  by.training.controller.command.CommandProvider  getCommand 5
10::02::2020 20:21:06 [main] INFO  by.training.controller.command.CommandProvider  getCommand 5
10::02::2020 20:34:36 [main] INFO  by.training.controller.command.CommandProvider  getCommand 5
10::02::2020 20:35:05 [main] INFO  by.training.controller.command.CommandProvider  getCommand 5
10::02::2020 20:35:34 [main] INFO  by.training.controller.command.CommandProvider  getCommand 6
10::02::2020 20:35:36 [main] INFO  by.training.controller.command.CommandProvider  getCommand 5
10::02::2020 20:44:12 [main] INFO  by.training.controller.command.CommandProvider  getCommand 5
10::02::2020 20:44:16 [main] INFO  by.training.controller.command.CommandProvider  getCommand 5
10::02::2020 20:44:57 [main] INFO  by.training.controller.command.CommandProvider  getCommand 5
10::02::2020 20:44:58 [main] INFO  by.training.controller.command.CommandProvider  getCommand 2
10::02::2020 20:44:59 [main] INFO  by.training.controller.command.CommandProvider  getCommand 11
10::02::2020 20:44:59 [main] ERROR by.training.controller.command.CommandProvider  getCommand Введена неверная команда
java.lang.ArrayIndexOutOfBoundsException: Index 10 out of bounds for length 6
	at by.training.controller.command.CommandProvider.getCommand(CommandProvider.java:31) [classes/:?]
	at by.training.controller.Controller.getCommand(Controller.java:9) [classes/:?]
	at by.training.controller.Runner.main(Runner.java:52) [classes/:?]
10::02::2020 20:45:02 [main] INFO  by.training.controller.command.CommandProvider  getCommand 0
10::02::2020 20:45:02 [main] ERROR by.training.controller.command.CommandProvider  getCommand Введена неверная команда
java.lang.ArrayIndexOutOfBoundsException: Index -1 out of bounds for length 6
	at by.training.controller.command.CommandProvider.getCommand(CommandProvider.java:31) [classes/:?]
	at by.training.controller.Controller.getCommand(Controller.java:9) [classes/:?]
	at by.training.controller.Runner.main(Runner.java:52) [classes/:?]
10::02::2020 20:45:53 [main] INFO  by.training.controller.command.CommandProvider  getCommand 5
10::02::2020 20:46:16 [main] INFO  by.training.controller.command.CommandProvider  getCommand 3
10::02::2020 20:46:20 [main] INFO  by.training.controller.command.CommandProvider  getCommand 5
10::02::2020 20:46:46 [main] INFO  by.training.controller.command.CommandProvider  getCommand 6
10::02::2020 20:46:47 [main] INFO  by.training.controller.command.CommandProvider  getCommand 5
